This file contains any messages produced by compilers while
running configure, to aid debugging if configure makes a mistake.

It was created by [P1] configure [x.xx], which was
generated by GNU Autoconf 2.59.  Invocation command line was

  $ ./configure 

## --------- ##
## Platform. ##
## --------- ##

hostname = ursopanda
uname -m = x86_64
uname -r = 3.11.7-200.fc19.x86_64
uname -s = Linux
uname -v = #1 SMP Mon Nov 4 14:09:03 UTC 2013

/usr/bin/uname -p = x86_64
/bin/uname -X     = unknown

/bin/arch              = x86_64
/usr/bin/arch -k       = unknown
/usr/convex/getsysinfo = unknown
hostinfo               = unknown
/bin/machine           = unknown
/usr/bin/oslevel       = unknown
/bin/universe          = unknown

PATH: /usr/lib64/qt-3.3/bin
PATH: /usr/lib64/mpich/bin
PATH: /usr/lib64/ccache
PATH: /usr/local/bin
PATH: /usr/bin
PATH: /bin
PATH: /usr/games
PATH: /usr/local/sbin
PATH: /usr/sbin
PATH: /home/guilherme/ferramentas/pomodoro/TeamViz
PATH: /home/guilherme/ferramentas/tor-browser_en-US/
PATH: /usr/lib64/openmpi/bin/
PATH: /home/guilherme/.local/bin
PATH: /home/guilherme/bin
PATH: /home/guilherme/ferramentas/pomodoro/TeamViz
PATH: /home/guilherme/ferramentas/tor-browser_en-US/
PATH: /usr/lib64/openmpi/bin/


## ----------- ##
## Core tests. ##
## ----------- ##

configure:1439: creating ./config.status

## ---------------------- ##
## Running config.status. ##
## ---------------------- ##

This file was extended by [P1] config.status [x.xx], which was
generated by GNU Autoconf 2.59.  Invocation command line was

  CONFIG_FILES    = 
  CONFIG_HEADERS  = 
  CONFIG_LINKS    = 
  CONFIG_COMMANDS = 
  $ ./config.status 

on ursopanda

config.status:639: creating Makefile.common
config.status:821: executing setup commands
config.status:821: executing lib/p3/Makefile commands

## ---------------- ##
## Cache variables. ##
## ---------------- ##

ac_cv_env_build_alias_set=
ac_cv_env_build_alias_value=
ac_cv_env_host_alias_set=
ac_cv_env_host_alias_value=
ac_cv_env_target_alias_set=
ac_cv_env_target_alias_value=

## ----------------- ##
## Output variables. ##
## ----------------- ##

DEFS='-DPACKAGE_NAME=\"\[P1\]\" -DPACKAGE_TARNAME=\"--P1--\" -DPACKAGE_VERSION=\"\[x.xx\]\" -DPACKAGE_STRING=\"\[P1\]\ \[x.xx\]\" -DPACKAGE_BUGREPORT=\"horwitz@cs.wisc.edu\" '
ECHO_C=''
ECHO_N='-n'
ECHO_T=''
LIBOBJS=''
LIBS=''
LLVM_OBJ='/home/guilherme/MC911/MC911/Project3/llvm-p3/llvm-3.3.obj/build'
LLVM_SRC='/home/guilherme/MC911/MC911/Project3/llvm-p3/llvm-3.3.src'
LTLIBOBJS=''
PACKAGE_BUGREPORT='horwitz@cs.wisc.edu'
PACKAGE_NAME='[P1]'
PACKAGE_STRING='[P1] [x.xx]'
PACKAGE_TARNAME='--P1--'
PACKAGE_VERSION='[x.xx]'
PATH_SEPARATOR=':'
SHELL='/bin/sh'
bindir='${exec_prefix}/bin'
build_alias=''
datadir='${prefix}/share'
exec_prefix='${prefix}'
host_alias=''
includedir='${prefix}/include'
infodir='${prefix}/info'
libdir='${exec_prefix}/lib'
libexecdir='${exec_prefix}/libexec'
localstatedir='${prefix}/var'
mandir='${prefix}/man'
oldincludedir='/usr/include'
prefix='/usr/local'
program_transform_name='s,x,x,'
sbindir='${exec_prefix}/sbin'
sharedstatedir='${prefix}/com'
sysconfdir='${prefix}/etc'
target_alias=''

## ----------- ##
## confdefs.h. ##
## ----------- ##

#define PACKAGE_BUGREPORT "horwitz@cs.wisc.edu"
#define PACKAGE_NAME "[P1]"
#define PACKAGE_STRING "[P1] [x.xx]"
#define PACKAGE_TARNAME "--P1--"
#define PACKAGE_VERSION "[x.xx]"

configure: exit 0
